<?xml version="1.0" encoding="UTF-8"?>
<!-- Generated by org.testng.reporters.JUnitReportReporter -->
<testsuite hostname="DESKTOP-MA38CFS" failures="0" tests="1" name="com.SauceDemo.TestClasses.TC006_VerifyCheckoutFunctionality" time="9.339" errors="0" timestamp="2022-09-14T23:32:59 IST" skipped="0">
  <testcase classname="com.SauceDemo.TestClasses.TC006_VerifyCheckoutFunctionality" name="checkoutFunctionality" time="9.339"/>
  <system-out/>
</testsuite> <!-- com.SauceDemo.TestClasses.TC006_VerifyCheckoutFunctionality -->
