<?xml version="1.0" encoding="UTF-8"?>
<!-- Generated by org.testng.reporters.JUnitReportReporter -->
<testsuite hostname="DESKTOP-MA38CFS" failures="0" tests="1" name="com.SauceDemo.TestClasses.TC005_VerifyFilterDropdownFunctionality" time="6.555" errors="0" timestamp="2022-09-14T23:32:59 IST" skipped="0">
  <testcase classname="com.SauceDemo.TestClasses.TC005_VerifyFilterDropdownFunctionality" name="FilterDropdownFunctionality" time="6.555"/>
  <system-out/>
</testsuite> <!-- com.SauceDemo.TestClasses.TC005_VerifyFilterDropdownFunctionality -->
